Analysis & Synthesis report for LogicalStep_Lab1_top
Tue Jan 14 15:27:57 2020
Quartus Prime Version 15.1.0 Build 185 10/21/2015 SJ Standard Edition


---------------------
; Table of Contents ;
---------------------
  1. Legal Notice
  2. Analysis & Synthesis Summary
  3. Analysis & Synthesis Settings
  4. Parallel Compilation
  5. Analysis & Synthesis Source Files Read
  6. Analysis & Synthesis Resource Usage Summary
  7. Analysis & Synthesis Resource Utilization by Entity
  8. General Register Statistics
  9. Parameter Settings for User Entity Instance: LPM_COUNTER:inst6
 10. Post-Synthesis Netlist Statistics for Top Partition
 11. Elapsed Time Per Partition
 12. Analysis & Synthesis Messages



----------------
; Legal Notice ;
----------------
Copyright (C) 1991-2015 Altera Corporation. All rights reserved.
Your use of Altera Corporation's design tools, logic functions 
and other software and tools, and its AMPP partner logic 
functions, and any output files from any of the foregoing 
(including device programming or simulation files), and any 
associated documentation or information are expressly subject 
to the terms and conditions of the Altera Program License 
Subscription Agreement, the Altera Quartus Prime License Agreement,
the Altera MegaCore Function License Agreement, or other 
applicable license agreement, including, without limitation, 
that your use is for the sole purpose of programming logic 
devices manufactured by Altera and sold by Altera or its 
authorized distributors.  Please refer to the applicable 
agreement for further details.



+--------------------------------------------------------------------------------------+
; Analysis & Synthesis Summary                                                         ;
+------------------------------------+-------------------------------------------------+
; Analysis & Synthesis Status        ; Successful - Tue Jan 14 15:27:57 2020           ;
; Quartus Prime Version              ; 15.1.0 Build 185 10/21/2015 SJ Standard Edition ;
; Revision Name                      ; LogicalStep_Lab1_top                            ;
; Top-level Entity Name              ; LogicalStep_Lab1_top                            ;
; Family                             ; MAX 10                                          ;
; Total logic elements               ; 43                                              ;
;     Total combinational functions  ; 43                                              ;
;     Dedicated logic registers      ; 28                                              ;
; Total registers                    ; 28                                              ;
; Total pins                         ; 15                                              ;
; Total virtual pins                 ; 0                                               ;
; Total memory bits                  ; 0                                               ;
; Embedded Multiplier 9-bit elements ; 0                                               ;
; Total PLLs                         ; 0                                               ;
; UFM blocks                         ; 0                                               ;
; ADC blocks                         ; 0                                               ;
+------------------------------------+-------------------------------------------------+


+--------------------------------------------------------------------------------------------------------------------------+
; Analysis & Synthesis Settings                                                                                            ;
+----------------------------------------------------------------------------+----------------------+----------------------+
; Option                                                                     ; Setting              ; Default Value        ;
+----------------------------------------------------------------------------+----------------------+----------------------+
; Device                                                                     ; 10M08SAE144C8G       ;                      ;
; Top-level entity name                                                      ; LogicalStep_Lab1_top ; LogicalStep_Lab1_top ;
; Family name                                                                ; MAX 10               ; Cyclone V            ;
; Use smart compilation                                                      ; Off                  ; Off                  ;
; Enable parallel Assembler and TimeQuest Timing Analyzer during compilation ; On                   ; On                   ;
; Enable compact report table                                                ; Off                  ; Off                  ;
; Restructure Multiplexers                                                   ; Auto                 ; Auto                 ;
; Create Debugging Nodes for IP Cores                                        ; Off                  ; Off                  ;
; Preserve fewer node names                                                  ; On                   ; On                   ;
; Disable OpenCore Plus hardware evaluation                                  ; Off                  ; Off                  ;
; Verilog Version                                                            ; Verilog_2001         ; Verilog_2001         ;
; VHDL Version                                                               ; VHDL_1993            ; VHDL_1993            ;
; State Machine Processing                                                   ; Auto                 ; Auto                 ;
; Safe State Machine                                                         ; Off                  ; Off                  ;
; Extract Verilog State Machines                                             ; On                   ; On                   ;
; Extract VHDL State Machines                                                ; On                   ; On                   ;
; Ignore Verilog initial constructs                                          ; Off                  ; Off                  ;
; Iteration limit for constant Verilog loops                                 ; 5000                 ; 5000                 ;
; Iteration limit for non-constant Verilog loops                             ; 250                  ; 250                  ;
; Add Pass-Through Logic to Inferred RAMs                                    ; On                   ; On                   ;
; Infer RAMs from Raw Logic                                                  ; On                   ; On                   ;
; Parallel Synthesis                                                         ; On                   ; On                   ;
; DSP Block Balancing                                                        ; Auto                 ; Auto                 ;
; NOT Gate Push-Back                                                         ; On                   ; On                   ;
; Power-Up Don't Care                                                        ; On                   ; On                   ;
; Remove Redundant Logic Cells                                               ; Off                  ; Off                  ;
; Remove Duplicate Registers                                                 ; On                   ; On                   ;
; Ignore CARRY Buffers                                                       ; Off                  ; Off                  ;
; Ignore CASCADE Buffers                                                     ; Off                  ; Off                  ;
; Ignore GLOBAL Buffers                                                      ; Off                  ; Off                  ;
; Ignore ROW GLOBAL Buffers                                                  ; Off                  ; Off                  ;
; Ignore LCELL Buffers                                                       ; Off                  ; Off                  ;
; Ignore SOFT Buffers                                                        ; On                   ; On                   ;
; Limit AHDL Integers to 32 Bits                                             ; Off                  ; Off                  ;
; Optimization Technique                                                     ; Balanced             ; Balanced             ;
; Carry Chain Length                                                         ; 70                   ; 70                   ;
; Auto Carry Chains                                                          ; On                   ; On                   ;
; Auto Open-Drain Pins                                                       ; On                   ; On                   ;
; Perform WYSIWYG Primitive Resynthesis                                      ; Off                  ; Off                  ;
; Auto ROM Replacement                                                       ; On                   ; On                   ;
; Auto RAM Replacement                                                       ; On                   ; On                   ;
; Auto DSP Block Replacement                                                 ; On                   ; On                   ;
; Auto Shift Register Replacement                                            ; Auto                 ; Auto                 ;
; Allow Shift Register Merging across Hierarchies                            ; Auto                 ; Auto                 ;
; Auto Clock Enable Replacement                                              ; On                   ; On                   ;
; Strict RAM Replacement                                                     ; Off                  ; Off                  ;
; Allow Synchronous Control Signals                                          ; On                   ; On                   ;
; Force Use of Synchronous Clear Signals                                     ; Off                  ; Off                  ;
; Auto RAM Block Balancing                                                   ; On                   ; On                   ;
; Auto RAM to Logic Cell Conversion                                          ; Off                  ; Off                  ;
; Auto Resource Sharing                                                      ; Off                  ; Off                  ;
; Allow Any RAM Size For Recognition                                         ; Off                  ; Off                  ;
; Allow Any ROM Size For Recognition                                         ; Off                  ; Off                  ;
; Allow Any Shift Register Size For Recognition                              ; Off                  ; Off                  ;
; Use LogicLock Constraints during Resource Balancing                        ; On                   ; On                   ;
; Ignore translate_off and synthesis_off directives                          ; Off                  ; Off                  ;
; Timing-Driven Synthesis                                                    ; On                   ; On                   ;
; Report Parameter Settings                                                  ; On                   ; On                   ;
; Report Source Assignments                                                  ; On                   ; On                   ;
; Report Connectivity Checks                                                 ; On                   ; On                   ;
; Ignore Maximum Fan-Out Assignments                                         ; Off                  ; Off                  ;
; Synchronization Register Chain Length                                      ; 2                    ; 2                    ;
; PowerPlay Power Optimization During Synthesis                              ; Normal compilation   ; Normal compilation   ;
; HDL message level                                                          ; Level2               ; Level2               ;
; Suppress Register Optimization Related Messages                            ; Off                  ; Off                  ;
; Number of Removed Registers Reported in Synthesis Report                   ; 5000                 ; 5000                 ;
; Number of Swept Nodes Reported in Synthesis Report                         ; 5000                 ; 5000                 ;
; Number of Inverted Registers Reported in Synthesis Report                  ; 100                  ; 100                  ;
; Clock MUX Protection                                                       ; On                   ; On                   ;
; Auto Gated Clock Conversion                                                ; Off                  ; Off                  ;
; Block Design Naming                                                        ; Auto                 ; Auto                 ;
; SDC constraint protection                                                  ; Off                  ; Off                  ;
; Synthesis Effort                                                           ; Auto                 ; Auto                 ;
; Shift Register Replacement - Allow Asynchronous Clear Signal               ; On                   ; On                   ;
; Pre-Mapping Resynthesis Optimization                                       ; Off                  ; Off                  ;
; Analysis & Synthesis Message Level                                         ; Medium               ; Medium               ;
; Disable Register Merging Across Hierarchies                                ; Auto                 ; Auto                 ;
; Resource Aware Inference For Block RAM                                     ; On                   ; On                   ;
; Synthesis Seed                                                             ; 1                    ; 1                    ;
+----------------------------------------------------------------------------+----------------------+----------------------+


+------------------------------------------+
; Parallel Compilation                     ;
+----------------------------+-------------+
; Processors                 ; Number      ;
+----------------------------+-------------+
; Number detected on machine ; 4           ;
; Maximum allowed            ; 2           ;
;                            ;             ;
; Average used               ; 1.00        ;
; Maximum used               ; 2           ;
;                            ;             ;
; Usage by Processor         ; % Time Used ;
;     Processor 1            ; 100.0%      ;
;     Processor 2            ; < 0.1%      ;
+----------------------------+-------------+


+-------------------------------------------------------------------------------------------------------------------------------------------------------------------------------------------+
; Analysis & Synthesis Source Files Read                                                                                                                                                    ;
+----------------------------------+-----------------+------------------------------------------+---------------------------------------------------------------------------------+---------+
; File Name with User-Entered Path ; Used in Netlist ; File Type                                ; File Name with Absolute Path                                                    ; Library ;
+----------------------------------+-----------------+------------------------------------------+---------------------------------------------------------------------------------+---------+
; schem_gates.bdf                  ; yes             ; User Block Diagram/Schematic File        ; N:/ECE-124/Lab1/schem_gates.bdf                                                 ;         ;
; output_files/VHDL_gates.vhd      ; yes             ; User VHDL File                           ; N:/ECE-124/Lab1/output_files/VHDL_gates.vhd                                     ;         ;
; logicalstep_lab1_top.bdf         ; yes             ; Auto-Found Block Diagram/Schematic File  ; N:/ECE-124/Lab1/logicalstep_lab1_top.bdf                                        ;         ;
; lpm_counter.tdf                  ; yes             ; Megafunction                             ; c:/software/altera/15.1/quartus/libraries/megafunctions/lpm_counter.tdf         ;         ;
; lpm_constant.inc                 ; yes             ; Megafunction                             ; c:/software/altera/15.1/quartus/libraries/megafunctions/lpm_constant.inc        ;         ;
; lpm_decode.inc                   ; yes             ; Megafunction                             ; c:/software/altera/15.1/quartus/libraries/megafunctions/lpm_decode.inc          ;         ;
; lpm_add_sub.inc                  ; yes             ; Megafunction                             ; c:/software/altera/15.1/quartus/libraries/megafunctions/lpm_add_sub.inc         ;         ;
; cmpconst.inc                     ; yes             ; Megafunction                             ; c:/software/altera/15.1/quartus/libraries/megafunctions/cmpconst.inc            ;         ;
; lpm_compare.inc                  ; yes             ; Megafunction                             ; c:/software/altera/15.1/quartus/libraries/megafunctions/lpm_compare.inc         ;         ;
; lpm_counter.inc                  ; yes             ; Megafunction                             ; c:/software/altera/15.1/quartus/libraries/megafunctions/lpm_counter.inc         ;         ;
; dffeea.inc                       ; yes             ; Megafunction                             ; c:/software/altera/15.1/quartus/libraries/megafunctions/dffeea.inc              ;         ;
; alt_counter_stratix.inc          ; yes             ; Megafunction                             ; c:/software/altera/15.1/quartus/libraries/megafunctions/alt_counter_stratix.inc ;         ;
; aglobal151.inc                   ; yes             ; Megafunction                             ; c:/software/altera/15.1/quartus/libraries/megafunctions/aglobal151.inc          ;         ;
; db/cntr_luj.tdf                  ; yes             ; Auto-Generated Megafunction              ; N:/ECE-124/Lab1/db/cntr_luj.tdf                                                 ;         ;
; db/cmpr_6tb.tdf                  ; yes             ; Auto-Generated Megafunction              ; N:/ECE-124/Lab1/db/cmpr_6tb.tdf                                                 ;         ;
+----------------------------------+-----------------+------------------------------------------+---------------------------------------------------------------------------------+---------+


+-----------------------------------------------------------------------------------------------------+
; Analysis & Synthesis Resource Usage Summary                                                         ;
+---------------------------------------------+-------------------------------------------------------+
; Resource                                    ; Usage                                                 ;
+---------------------------------------------+-------------------------------------------------------+
; Estimated Total logic elements              ; 43                                                    ;
;                                             ;                                                       ;
; Total combinational functions               ; 43                                                    ;
; Logic element usage by number of LUT inputs ;                                                       ;
;     -- 4 input functions                    ; 12                                                    ;
;     -- 3 input functions                    ; 0                                                     ;
;     -- <=2 input functions                  ; 31                                                    ;
;                                             ;                                                       ;
; Logic elements by mode                      ;                                                       ;
;     -- normal mode                          ; 15                                                    ;
;     -- arithmetic mode                      ; 28                                                    ;
;                                             ;                                                       ;
; Total registers                             ; 28                                                    ;
;     -- Dedicated logic registers            ; 28                                                    ;
;     -- I/O registers                        ; 0                                                     ;
;                                             ;                                                       ;
; I/O pins                                    ; 15                                                    ;
;                                             ;                                                       ;
; Embedded Multiplier 9-bit elements          ; 0                                                     ;
;                                             ;                                                       ;
; Maximum fan-out node                        ; lpm_counter:inst6|cntr_luj:auto_generated|cout_actual ;
; Maximum fan-out                             ; 28                                                    ;
; Total fan-out                               ; 269                                                   ;
; Average fan-out                             ; 2.66                                                  ;
+---------------------------------------------+-------------------------------------------------------+


+-----------------------------------------------------------------------------------------------------------------------------------------------------------------------------------------------------------------------------------------------------------------------+
; Analysis & Synthesis Resource Utilization by Entity                                                                                                                                                                                                                   ;
+---------------------------------+-------------------+--------------+-------------+------------+--------------+---------+-----------+------+--------------+------------+--------------------------------------------------------------------------------+--------------+
; Compilation Hierarchy Node      ; LC Combinationals ; LC Registers ; Memory Bits ; UFM Blocks ; DSP Elements ; DSP 9x9 ; DSP 18x18 ; Pins ; Virtual Pins ; ADC blocks ; Full Hierarchy Name                                                            ; Library Name ;
+---------------------------------+-------------------+--------------+-------------+------------+--------------+---------+-----------+------+--------------+------------+--------------------------------------------------------------------------------+--------------+
; |LogicalStep_Lab1_top           ; 43 (1)            ; 28 (0)       ; 0           ; 0          ; 0            ; 0       ; 0         ; 15   ; 0            ; 0          ; |LogicalStep_Lab1_top                                                          ; work         ;
;    |VHDL_gates:inst5|           ; 3 (3)             ; 0 (0)        ; 0           ; 0          ; 0            ; 0       ; 0         ; 0    ; 0            ; 0          ; |LogicalStep_Lab1_top|VHDL_gates:inst5                                         ; work         ;
;    |lpm_counter:inst6|          ; 39 (0)            ; 28 (0)       ; 0           ; 0          ; 0            ; 0       ; 0         ; 0    ; 0            ; 0          ; |LogicalStep_Lab1_top|lpm_counter:inst6                                        ; work         ;
;       |cntr_luj:auto_generated| ; 39 (30)           ; 28 (28)      ; 0           ; 0          ; 0            ; 0       ; 0         ; 0    ; 0            ; 0          ; |LogicalStep_Lab1_top|lpm_counter:inst6|cntr_luj:auto_generated                ; work         ;
;          |cmpr_6tb:cmpr1|       ; 9 (9)             ; 0 (0)        ; 0           ; 0          ; 0            ; 0       ; 0         ; 0    ; 0            ; 0          ; |LogicalStep_Lab1_top|lpm_counter:inst6|cntr_luj:auto_generated|cmpr_6tb:cmpr1 ; work         ;
+---------------------------------+-------------------+--------------+-------------+------------+--------------+---------+-----------+------+--------------+------------+--------------------------------------------------------------------------------+--------------+
Note: For table entries with two numbers listed, the numbers in parentheses indicate the number of resources of the given type used by the specific entity alone. The numbers listed outside of parentheses indicate the total resources of the given type used by the specific entity and all of its sub-entities in the hierarchy.


+------------------------------------------------------+
; General Register Statistics                          ;
+----------------------------------------------+-------+
; Statistic                                    ; Value ;
+----------------------------------------------+-------+
; Total registers                              ; 28    ;
; Number of registers using Synchronous Clear  ; 0     ;
; Number of registers using Synchronous Load   ; 28    ;
; Number of registers using Asynchronous Clear ; 28    ;
; Number of registers using Asynchronous Load  ; 0     ;
; Number of registers using Clock Enable       ; 0     ;
; Number of registers using Preset             ; 0     ;
+----------------------------------------------+-------+


+----------------------------------------------------------------+
; Parameter Settings for User Entity Instance: LPM_COUNTER:inst6 ;
+------------------------+-------------+-------------------------+
; Parameter Name         ; Value       ; Type                    ;
+------------------------+-------------+-------------------------+
; AUTO_CARRY_CHAINS      ; ON          ; AUTO_CARRY              ;
; IGNORE_CARRY_BUFFERS   ; OFF         ; IGNORE_CARRY            ;
; AUTO_CASCADE_CHAINS    ; ON          ; AUTO_CASCADE            ;
; IGNORE_CASCADE_BUFFERS ; OFF         ; IGNORE_CASCADE          ;
; LPM_WIDTH              ; 28          ; Untyped                 ;
; LPM_DIRECTION          ; UP          ; Untyped                 ;
; LPM_MODULUS            ; 260000000   ; Signed Integer          ;
; LPM_AVALUE             ; UNUSED      ; Untyped                 ;
; LPM_SVALUE             ; UNUSED      ; Untyped                 ;
; LPM_PORT_UPDOWN        ; PORT_UNUSED ; Untyped                 ;
; DEVICE_FAMILY          ; MAX 10      ; Untyped                 ;
; CARRY_CHAIN            ; MANUAL      ; Untyped                 ;
; CARRY_CHAIN_LENGTH     ; 48          ; CARRY_CHAIN_LENGTH      ;
; NOT_GATE_PUSH_BACK     ; ON          ; NOT_GATE_PUSH_BACK      ;
; CARRY_CNT_EN           ; SMART       ; Untyped                 ;
; LABWIDE_SCLR           ; ON          ; Untyped                 ;
; USE_NEW_VERSION        ; TRUE        ; Untyped                 ;
; CBXI_PARAMETER         ; cntr_luj    ; Untyped                 ;
+------------------------+-------------+-------------------------+
Note: In order to hide this table in the UI and the text report file, please set the "Show Parameter Settings in Synthesis Report" option in "Analysis and Synthesis Settings -> More Settings" to "Off".


+-----------------------------------------------------+
; Post-Synthesis Netlist Statistics for Top Partition ;
+-----------------------+-----------------------------+
; Type                  ; Count                       ;
+-----------------------+-----------------------------+
; boundary_port         ; 15                          ;
; cycloneiii_ff         ; 28                          ;
;     CLR SLD           ; 28                          ;
; cycloneiii_lcell_comb ; 44                          ;
;     arith             ; 28                          ;
;         2 data inputs ; 28                          ;
;     normal            ; 16                          ;
;         0 data inputs ; 2                           ;
;         1 data inputs ; 1                           ;
;         2 data inputs ; 1                           ;
;         4 data inputs ; 12                          ;
;                       ;                             ;
; Max LUT depth         ; 4.80                        ;
; Average LUT depth     ; 3.34                        ;
+-----------------------+-----------------------------+


+-------------------------------+
; Elapsed Time Per Partition    ;
+----------------+--------------+
; Partition Name ; Elapsed Time ;
+----------------+--------------+
; Top            ; 00:00:00     ;
+----------------+--------------+


+-------------------------------+
; Analysis & Synthesis Messages ;
+-------------------------------+
Info: *******************************************************************
Info: Running Quartus Prime Analysis & Synthesis
    Info: Version 15.1.0 Build 185 10/21/2015 SJ Standard Edition
    Info: Processing started: Tue Jan 14 15:27:42 2020
Info: Command: quartus_map --read_settings_files=on --write_settings_files=off LogicalStep_Lab1 -c LogicalStep_Lab1_top
Info (20030): Parallel compilation is enabled and will use 2 of the 2 processors detected
Info (12021): Found 1 design units, including 1 entities, in source file schem_gates.bdf
    Info (12023): Found entity 1: schem_gates
Info (12021): Found 2 design units, including 1 entities, in source file output_files/vhdl_gates.vhd
    Info (12022): Found design unit 1: VHDL_gates-simple_gates File: N:/ECE-124/Lab1/output_files/VHDL_gates.vhd Line: 12
    Info (12023): Found entity 1: VHDL_gates File: N:/ECE-124/Lab1/output_files/VHDL_gates.vhd Line: 5
Warning (12125): Using design file logicalstep_lab1_top.bdf, which is not specified as a design file for the current project, but contains definitions for 1 design units and 1 entities in project
    Info (12023): Found entity 1: LogicalStep_Lab1_top
Info (12127): Elaborating entity "LogicalStep_Lab1_top" for the top level hierarchy
Warning (275004): Undeclared parameter UP
Warning (275006): Can't find a definition for parameter LPM_DIRECTION -- assuming UP was intended to be a quoted string
Warning (275004): Undeclared parameter PORT_UNUSED
Warning (275006): Can't find a definition for parameter LPM_PORT_UPDOWN -- assuming PORT_UNUSED was intended to be a quoted string
Info (12128): Elaborating entity "VHDL_gates" for hierarchy "VHDL_gates:inst5"
Info (12128): Elaborating entity "LPM_COUNTER" for hierarchy "LPM_COUNTER:inst6"
Info (12130): Elaborated megafunction instantiation "LPM_COUNTER:inst6"
Info (12133): Instantiated megafunction "LPM_COUNTER:inst6" with the following parameter:
    Info (12134): Parameter "LPM_DIRECTION" = "UP"
    Info (12134): Parameter "LPM_MODULUS" = "260000000"
    Info (12134): Parameter "LPM_PORT_UPDOWN" = "PORT_UNUSED"
    Info (12134): Parameter "LPM_WIDTH" = "28"
Info (12021): Found 1 design units, including 1 entities, in source file db/cntr_luj.tdf
    Info (12023): Found entity 1: cntr_luj File: N:/ECE-124/Lab1/db/cntr_luj.tdf Line: 28
Info (12128): Elaborating entity "cntr_luj" for hierarchy "LPM_COUNTER:inst6|cntr_luj:auto_generated" File: c:/software/altera/15.1/quartus/libraries/megafunctions/lpm_counter.tdf Line: 259
Info (12021): Found 1 design units, including 1 entities, in source file db/cmpr_6tb.tdf
    Info (12023): Found entity 1: cmpr_6tb File: N:/ECE-124/Lab1/db/cmpr_6tb.tdf Line: 23
Info (12128): Elaborating entity "cmpr_6tb" for hierarchy "LPM_COUNTER:inst6|cntr_luj:auto_generated|cmpr_6tb:cmpr1" File: N:/ECE-124/Lab1/db/cntr_luj.tdf Line: 177
Info (12128): Elaborating entity "schem_gates" for hierarchy "schem_gates:inst"
Warning (13024): Output pins are stuck at VCC or GND
    Warning (13410): Pin "seg7_char1" is stuck at GND
    Warning (13410): Pin "seg7_char2" is stuck at GND
Info (286030): Timing-Driven Synthesis is running
Info (16010): Generating hard_block partition "hard_block:auto_generated_inst"
    Info (16011): Adding 0 node(s), including 0 DDIO, 0 PLL, 0 transceiver and 0 LCELL
Warning (21074): Design contains 1 input pin(s) that do not drive logic
    Warning (15610): No output dependent on input pin "sw[1]"
Info (21057): Implemented 58 device resources after synthesis - the final resource count might be different
    Info (21058): Implemented 5 input pins
    Info (21059): Implemented 10 output pins
    Info (21061): Implemented 43 logic cells
Info: Quartus Prime Analysis & Synthesis was successful. 0 errors, 10 warnings
    Info: Peak virtual memory: 5000 megabytes
    Info: Processing ended: Tue Jan 14 15:27:57 2020
    Info: Elapsed time: 00:00:15
    Info: Total CPU time (on all processors): 00:00:22


